{"message":"Something failed during startup.","stack":"Error: Something failed during startup.\n    at Object.<anonymous> (/Users/moshfeghhamedani/Desktop/node-course/vidly/index.js:29:7)\n    at Module._compile (module.js:635:30)\n    at Object.Module._extensions..js (module.js:646:10)\n    at Module.load (module.js:554:32)\n    at tryModuleLoad (module.js:497:12)\n    at Function.Module._load (module.js:489:3)\n    at Function.Module.runMain (module.js:676:10)\n    at startup (bootstrap_node.js:187:16)\n    at bootstrap_node.js:608:3","level":"error","timestamp":"2018-02-06T20:32:44.656Z"}
{"message":"Something failed miserably!","stack":"Error: Something failed miserably!\n    at Object.<anonymous> (/Users/moshfeghhamedani/Desktop/node-course/vidly/index.js:34:26)\n    at Module._compile (module.js:635:30)\n    at Object.Module._extensions..js (module.js:646:10)\n    at Module.load (module.js:554:32)\n    at tryModuleLoad (module.js:497:12)\n    at Function.Module._load (module.js:489:3)\n    at Function.Module.runMain (module.js:676:10)\n    at startup (bootstrap_node.js:187:16)\n    at bootstrap_node.js:608:3","level":"error","timestamp":"2018-02-06T20:53:50.001Z"}
{"message":"Could not get the genres.","stack":"Error: Could not get the genres.\n    at router.get (/Users/moshfeghhamedani/Desktop/node-course/vidly/routes/genres.js:9:9)\n    at /Users/moshfeghhamedani/Desktop/node-course/vidly/node_modules/express-async-errors/index.js:17:17\n    at Layer.handle [as handle_request] (/Users/moshfeghhamedani/Desktop/node-course/vidly/node_modules/express/lib/router/layer.js:95:5)\n    at next (/Users/moshfeghhamedani/Desktop/node-course/vidly/node_modules/express/lib/router/route.js:137:13)\n    at Route.dispatch (/Users/moshfeghhamedani/Desktop/node-course/vidly/node_modules/express/lib/router/route.js:112:3)\n    at /Users/moshfeghhamedani/Desktop/node-course/vidly/node_modules/express-async-errors/index.js:17:17\n    at Layer.handle [as handle_request] (/Users/moshfeghhamedani/Desktop/node-course/vidly/node_modules/express/lib/router/layer.js:95:5)\n    at /Users/moshfeghhamedani/Desktop/node-course/vidly/node_modules/express/lib/router/index.js:281:22\n    at Function.process_params (/Users/moshfeghhamedani/Desktop/node-course/vidly/node_modules/express/lib/router/index.js:335:12)\n    at next (/Users/moshfeghhamedani/Desktop/node-course/vidly/node_modules/express/lib/router/index.js:275:10)\n    at Function.handle (/Users/moshfeghhamedani/Desktop/node-course/vidly/node_modules/express/lib/router/index.js:174:3)\n    at router (/Users/moshfeghhamedani/Desktop/node-course/vidly/node_modules/express/lib/router/index.js:47:12)\n    at /Users/moshfeghhamedani/Desktop/node-course/vidly/node_modules/express-async-errors/index.js:17:17\n    at Layer.handle [as handle_request] (/Users/moshfeghhamedani/Desktop/node-course/vidly/node_modules/express/lib/router/layer.js:95:5)\n    at trim_prefix (/Users/moshfeghhamedani/Desktop/node-course/vidly/node_modules/express/lib/router/index.js:317:13)\n    at /Users/moshfeghhamedani/Desktop/node-course/vidly/node_modules/express/lib/router/index.js:284:7","level":"error","timestamp":"2018-02-06T21:21:42.521Z"}
{"message":"Could not get the genres.","stack":"Error: Could not get the genres.\n    at router.get (/Users/moshfeghhamedani/Desktop/node-course/vidly/routes/genres.js:9:9)\n    at /Users/moshfeghhamedani/Desktop/node-course/vidly/node_modules/express-async-errors/index.js:17:17\n    at Layer.handle [as handle_request] (/Users/moshfeghhamedani/Desktop/node-course/vidly/node_modules/express/lib/router/layer.js:95:5)\n    at next (/Users/moshfeghhamedani/Desktop/node-course/vidly/node_modules/express/lib/router/route.js:137:13)\n    at Route.dispatch (/Users/moshfeghhamedani/Desktop/node-course/vidly/node_modules/express/lib/router/route.js:112:3)\n    at /Users/moshfeghhamedani/Desktop/node-course/vidly/node_modules/express-async-errors/index.js:17:17\n    at Layer.handle [as handle_request] (/Users/moshfeghhamedani/Desktop/node-course/vidly/node_modules/express/lib/router/layer.js:95:5)\n    at /Users/moshfeghhamedani/Desktop/node-course/vidly/node_modules/express/lib/router/index.js:281:22\n    at Function.process_params (/Users/moshfeghhamedani/Desktop/node-course/vidly/node_modules/express/lib/router/index.js:335:12)\n    at next (/Users/moshfeghhamedani/Desktop/node-course/vidly/node_modules/express/lib/router/index.js:275:10)\n    at Function.handle (/Users/moshfeghhamedani/Desktop/node-course/vidly/node_modules/express/lib/router/index.js:174:3)\n    at router (/Users/moshfeghhamedani/Desktop/node-course/vidly/node_modules/express/lib/router/index.js:47:12)\n    at /Users/moshfeghhamedani/Desktop/node-course/vidly/node_modules/express-async-errors/index.js:17:17\n    at Layer.handle [as handle_request] (/Users/moshfeghhamedani/Desktop/node-course/vidly/node_modules/express/lib/router/layer.js:95:5)\n    at trim_prefix (/Users/moshfeghhamedani/Desktop/node-course/vidly/node_modules/express/lib/router/index.js:317:13)\n    at /Users/moshfeghhamedani/Desktop/node-course/vidly/node_modules/express/lib/router/index.js:284:7","level":"error","timestamp":"2018-02-06T21:21:43.301Z"}
{"message":"Could not get the genres.","stack":"Error: Could not get the genres.\n    at router.get (/Users/moshfeghhamedani/Desktop/node-course/vidly/routes/genres.js:9:9)\n    at /Users/moshfeghhamedani/Desktop/node-course/vidly/node_modules/express-async-errors/index.js:17:17\n    at Layer.handle [as handle_request] (/Users/moshfeghhamedani/Desktop/node-course/vidly/node_modules/express/lib/router/layer.js:95:5)\n    at next (/Users/moshfeghhamedani/Desktop/node-course/vidly/node_modules/express/lib/router/route.js:137:13)\n    at Route.dispatch (/Users/moshfeghhamedani/Desktop/node-course/vidly/node_modules/express/lib/router/route.js:112:3)\n    at /Users/moshfeghhamedani/Desktop/node-course/vidly/node_modules/express-async-errors/index.js:17:17\n    at Layer.handle [as handle_request] (/Users/moshfeghhamedani/Desktop/node-course/vidly/node_modules/express/lib/router/layer.js:95:5)\n    at /Users/moshfeghhamedani/Desktop/node-course/vidly/node_modules/express/lib/router/index.js:281:22\n    at Function.process_params (/Users/moshfeghhamedani/Desktop/node-course/vidly/node_modules/express/lib/router/index.js:335:12)\n    at next (/Users/moshfeghhamedani/Desktop/node-course/vidly/node_modules/express/lib/router/index.js:275:10)\n    at Function.handle (/Users/moshfeghhamedani/Desktop/node-course/vidly/node_modules/express/lib/router/index.js:174:3)\n    at router (/Users/moshfeghhamedani/Desktop/node-course/vidly/node_modules/express/lib/router/index.js:47:12)\n    at /Users/moshfeghhamedani/Desktop/node-course/vidly/node_modules/express-async-errors/index.js:17:17\n    at Layer.handle [as handle_request] (/Users/moshfeghhamedani/Desktop/node-course/vidly/node_modules/express/lib/router/layer.js:95:5)\n    at trim_prefix (/Users/moshfeghhamedani/Desktop/node-course/vidly/node_modules/express/lib/router/index.js:317:13)\n    at /Users/moshfeghhamedani/Desktop/node-course/vidly/node_modules/express/lib/router/index.js:284:7","level":"error","timestamp":"2018-02-06T21:21:52.096Z"}
{"message":"Could not get the genres.","stack":"Error: Could not get the genres.\n    at router.get (/Users/moshfeghhamedani/Desktop/node-course/vidly/routes/genres.js:9:9)\n    at /Users/moshfeghhamedani/Desktop/node-course/vidly/node_modules/express-async-errors/index.js:17:17\n    at Layer.handle [as handle_request] (/Users/moshfeghhamedani/Desktop/node-course/vidly/node_modules/express/lib/router/layer.js:95:5)\n    at next (/Users/moshfeghhamedani/Desktop/node-course/vidly/node_modules/express/lib/router/route.js:137:13)\n    at Route.dispatch (/Users/moshfeghhamedani/Desktop/node-course/vidly/node_modules/express/lib/router/route.js:112:3)\n    at /Users/moshfeghhamedani/Desktop/node-course/vidly/node_modules/express-async-errors/index.js:17:17\n    at Layer.handle [as handle_request] (/Users/moshfeghhamedani/Desktop/node-course/vidly/node_modules/express/lib/router/layer.js:95:5)\n    at /Users/moshfeghhamedani/Desktop/node-course/vidly/node_modules/express/lib/router/index.js:281:22\n    at Function.process_params (/Users/moshfeghhamedani/Desktop/node-course/vidly/node_modules/express/lib/router/index.js:335:12)\n    at next (/Users/moshfeghhamedani/Desktop/node-course/vidly/node_modules/express/lib/router/index.js:275:10)\n    at Function.handle (/Users/moshfeghhamedani/Desktop/node-course/vidly/node_modules/express/lib/router/index.js:174:3)\n    at router (/Users/moshfeghhamedani/Desktop/node-course/vidly/node_modules/express/lib/router/index.js:47:12)\n    at /Users/moshfeghhamedani/Desktop/node-course/vidly/node_modules/express-async-errors/index.js:17:17\n    at Layer.handle [as handle_request] (/Users/moshfeghhamedani/Desktop/node-course/vidly/node_modules/express/lib/router/layer.js:95:5)\n    at trim_prefix (/Users/moshfeghhamedani/Desktop/node-course/vidly/node_modules/express/lib/router/index.js:317:13)\n    at /Users/moshfeghhamedani/Desktop/node-course/vidly/node_modules/express/lib/router/index.js:284:7","level":"error","timestamp":"2018-02-06T21:21:53.806Z"}
{"level":"info","message":"Connected to MongoDB...","timestamp":"2018-02-06T21:34:26.743Z"}
{"level":"info","message":"Connected to MongoDB...","timestamp":"2018-02-06T21:39:24.124Z"}
{"level":"info","message":"Listening on port 3000...","timestamp":"2018-08-18T21:07:03.686Z"}
{"level":"info","message":"Connected to mongodb://localhost/vidly","timestamp":"2018-08-18T21:07:04.721Z"}
{"level":"info","message":"Listening on port 3000...","timestamp":"2018-08-18T21:07:34.609Z"}
{"level":"info","message":"Connected to mongodb://localhost/vidly_test","timestamp":"2018-08-18T21:07:35.643Z"}
{"level":"info","message":"Listening on port 3000...","timestamp":"2018-08-18T21:18:44.312Z"}
{"level":"info","message":"Connected to mongodb://localhost/vidly_test","timestamp":"2018-08-18T21:18:45.397Z"}
{"level":"info","message":"Listening on port 3000...","timestamp":"2018-08-18T21:20:22.631Z"}
{"level":"info","message":"Connected to mongodb://localhost/vidly_test","timestamp":"2018-08-18T21:20:23.717Z"}
{"level":"info","message":"Listening on port 3000...","timestamp":"2018-08-18T21:20:59.114Z"}
{"level":"info","message":"Connected to mongodb://localhost/vidly_test","timestamp":"2018-08-18T21:21:00.194Z"}
{"level":"info","message":"Listening on port 3000...","timestamp":"2018-08-18T21:22:15.346Z"}
{"level":"info","message":"Connected to mongodb://localhost/vidly_test","timestamp":"2018-08-18T21:22:16.427Z"}
{"level":"info","message":"Listening on port 3000...","timestamp":"2018-08-18T21:23:56.140Z"}
{"level":"info","message":"Connected to mongodb://localhost/vidly_test","timestamp":"2018-08-18T21:23:57.223Z"}
{"level":"info","message":"Listening on port 3000...","timestamp":"2018-08-18T21:24:25.110Z"}
{"level":"info","message":"Connected to mongodb://localhost/vidly_test","timestamp":"2018-08-18T21:24:26.148Z"}
{"level":"info","message":"Listening on port 3000...","timestamp":"2018-08-18T21:24:36.564Z"}
{"level":"info","message":"Connected to mongodb://localhost/vidly_test","timestamp":"2018-08-18T21:24:37.653Z"}
{"level":"info","message":"Listening on port 3000...","timestamp":"2018-08-18T21:26:34.183Z"}
{"level":"info","message":"Connected to mongodb://localhost/vidly_test","timestamp":"2018-08-18T21:26:35.269Z"}
{"level":"info","message":"Listening on port 3000...","timestamp":"2018-08-18T21:27:00.311Z"}
{"level":"info","message":"Connected to mongodb://localhost/vidly_test","timestamp":"2018-08-18T21:27:01.396Z"}
{"level":"info","message":"Listening on port 3000...","timestamp":"2018-08-18T21:43:03.960Z"}
{"level":"info","message":"Connected to mongodb://localhost/vidly_test","timestamp":"2018-08-18T21:43:05.045Z"}
{"level":"info","message":"Listening on port 3000...","timestamp":"2018-08-18T21:44:14.243Z"}
{"level":"info","message":"Connected to mongodb://localhost/vidly_test","timestamp":"2018-08-18T21:44:15.331Z"}
{"level":"info","message":"Connected to mongodb://localhost/vidly_test","timestamp":"2018-08-18T21:45:23.861Z"}
{"level":"info","message":"Listening on port 3000...","timestamp":"2018-08-18T21:45:35.513Z"}
{"level":"info","message":"Connected to mongodb://localhost/vidly_test","timestamp":"2018-08-18T21:45:36.592Z"}
{"level":"info","message":"Listening on port 3000...","timestamp":"2018-08-18T21:47:42.317Z"}
{"level":"info","message":"Connected to mongodb://localhost/vidly_test","timestamp":"2018-08-18T21:47:43.400Z"}
{"level":"info","message":"Listening on port 3000...","timestamp":"2018-08-18T21:49:14.770Z"}
{"level":"info","message":"Connected to mongodb://localhost/vidly_test","timestamp":"2018-08-18T21:49:15.863Z"}
{"level":"info","message":"Listening on port 3000...","timestamp":"2018-08-18T21:49:24.331Z"}
{"level":"info","message":"Connected to mongodb://localhost/vidly_test","timestamp":"2018-08-18T21:49:25.373Z"}
{"level":"info","message":"Listening on port 3000...","timestamp":"2018-08-18T21:52:23.959Z"}
{"level":"info","message":"Connected to mongodb://localhost/vidly_test","timestamp":"2018-08-18T21:52:25.044Z"}
{"level":"info","message":"Listening on port 3000...","timestamp":"2018-08-18T21:53:29.723Z"}
{"level":"info","message":"Connected to mongodb://localhost/vidly_test","timestamp":"2018-08-18T21:53:30.807Z"}
{"level":"info","message":"Listening on port 3000...","timestamp":"2018-08-18T21:54:27.992Z"}
{"level":"info","message":"Connected to mongodb://localhost/vidly_test","timestamp":"2018-08-18T21:54:29.074Z"}
{"level":"info","message":"Listening on port 3000...","timestamp":"2018-08-18T21:55:15.227Z"}
{"level":"info","message":"Connected to mongodb://localhost/vidly_test","timestamp":"2018-08-18T21:55:16.266Z"}
{"message":"Cast to ObjectId failed for value \"1\" at path \"_id\" for model \"Genre\"","stack":"CastError: Cast to ObjectId failed for value \"1\" at path \"_id\" for model \"Genre\"\n    at new CastError (D:\\Prashanth\\Coding\\nodejs\\vidly_integration\\node_modules\\mongoose\\lib\\error\\cast.js:27:11)\n    at ObjectId.Object.<anonymous>.ObjectId.cast (D:\\Prashanth\\Coding\\nodejs\\vidly_integration\\node_modules\\mongoose\\lib\\schema\\objectid.js:158:13)\n    at ObjectId.Object.<anonymous>.SchemaType.applySetters (D:\\Prashanth\\Coding\\nodejs\\vidly_integration\\node_modules\\mongoose\\lib\\schematype.js:701:12)\n    at ObjectId.Object.<anonymous>.SchemaType._castForQuery (D:\\Prashanth\\Coding\\nodejs\\vidly_integration\\node_modules\\mongoose\\lib\\schematype.js:1072:15)\n    at ObjectId.Object.<anonymous>.ObjectId.castForQuery (D:\\Prashanth\\Coding\\nodejs\\vidly_integration\\node_modules\\mongoose\\lib\\schema\\objectid.js:198:15)\n    at ObjectId.Object.<anonymous>.SchemaType.castForQueryWrapper (D:\\Prashanth\\Coding\\nodejs\\vidly_integration\\node_modules\\mongoose\\lib\\schematype.js:1041:15)\n    at cast (D:\\Prashanth\\Coding\\nodejs\\vidly_integration\\node_modules\\mongoose\\lib\\cast.js:269:32)\n    at model.Query.Object.<anonymous>.Query.cast (D:\\Prashanth\\Coding\\nodejs\\vidly_integration\\node_modules\\mongoose\\lib\\query.js:3133:12)\n    at model.Query.Object.<anonymous>.Query._castConditions (D:\\Prashanth\\Coding\\nodejs\\vidly_integration\\node_modules\\mongoose\\lib\\query.js:1269:10)\n    at model.Query.Object.<anonymous>.Query._findOne (D:\\Prashanth\\Coding\\nodejs\\vidly_integration\\node_modules\\mongoose\\lib\\query.js:1485:8)\n    at D:\\Prashanth\\Coding\\nodejs\\vidly_integration\\node_modules\\kareem\\index.js:276:8\n    at D:\\Prashanth\\Coding\\nodejs\\vidly_integration\\node_modules\\kareem\\index.js:23:7\n    at _combinedTickCallback (internal/process/next_tick.js:131:7)\n    at process._tickCallback (internal/process/next_tick.js:180:9)","name":"CastError","stringValue":"\"1\"","kind":"ObjectId","value":"1","path":"_id","level":"error","timestamp":"2018-08-18T21:55:17.360Z"}
{"level":"info","message":"Listening on port 3000...","timestamp":"2018-08-18T21:57:26.188Z"}
{"level":"info","message":"Connected to mongodb://localhost/vidly_test","timestamp":"2018-08-18T21:57:27.273Z"}
{"level":"info","message":"Listening on port 3000...","timestamp":"2018-08-18T21:57:59.771Z"}
{"level":"info","message":"Connected to mongodb://localhost/vidly_test","timestamp":"2018-08-18T21:58:00.869Z"}
{"level":"info","message":"Listening on port 3000...","timestamp":"2018-08-18T21:58:54.314Z"}
{"level":"info","message":"Connected to mongodb://localhost/vidly_test","timestamp":"2018-08-18T21:58:55.403Z"}
{"level":"info","message":"Listening on port 3000...","timestamp":"2018-08-18T22:00:00.183Z"}
{"level":"info","message":"Connected to mongodb://localhost/vidly_test","timestamp":"2018-08-18T22:00:01.281Z"}
{"level":"info","message":"Listening on port 3000...","timestamp":"2018-08-18T22:00:33.345Z"}
{"level":"info","message":"Connected to mongodb://localhost/vidly_test","timestamp":"2018-08-18T22:00:34.428Z"}
{"message":"Cast to ObjectId failed for value \"1\" at path \"_id\" for model \"Genre\"","stack":"CastError: Cast to ObjectId failed for value \"1\" at path \"_id\" for model \"Genre\"\n    at new CastError (D:\\Prashanth\\Coding\\nodejs\\vidly_integration\\node_modules\\mongoose\\lib\\error\\cast.js:27:11)\n    at ObjectId.Object.<anonymous>.ObjectId.cast (D:\\Prashanth\\Coding\\nodejs\\vidly_integration\\node_modules\\mongoose\\lib\\schema\\objectid.js:158:13)\n    at ObjectId.Object.<anonymous>.SchemaType.applySetters (D:\\Prashanth\\Coding\\nodejs\\vidly_integration\\node_modules\\mongoose\\lib\\schematype.js:701:12)\n    at ObjectId.Object.<anonymous>.SchemaType._castForQuery (D:\\Prashanth\\Coding\\nodejs\\vidly_integration\\node_modules\\mongoose\\lib\\schematype.js:1072:15)\n    at ObjectId.Object.<anonymous>.ObjectId.castForQuery (D:\\Prashanth\\Coding\\nodejs\\vidly_integration\\node_modules\\mongoose\\lib\\schema\\objectid.js:198:15)\n    at ObjectId.Object.<anonymous>.SchemaType.castForQueryWrapper (D:\\Prashanth\\Coding\\nodejs\\vidly_integration\\node_modules\\mongoose\\lib\\schematype.js:1041:15)\n    at cast (D:\\Prashanth\\Coding\\nodejs\\vidly_integration\\node_modules\\mongoose\\lib\\cast.js:269:32)\n    at model.Query.Object.<anonymous>.Query.cast (D:\\Prashanth\\Coding\\nodejs\\vidly_integration\\node_modules\\mongoose\\lib\\query.js:3133:12)\n    at model.Query.Object.<anonymous>.Query._castConditions (D:\\Prashanth\\Coding\\nodejs\\vidly_integration\\node_modules\\mongoose\\lib\\query.js:1269:10)\n    at model.Query.Object.<anonymous>.Query._findOne (D:\\Prashanth\\Coding\\nodejs\\vidly_integration\\node_modules\\mongoose\\lib\\query.js:1485:8)\n    at D:\\Prashanth\\Coding\\nodejs\\vidly_integration\\node_modules\\kareem\\index.js:276:8\n    at D:\\Prashanth\\Coding\\nodejs\\vidly_integration\\node_modules\\kareem\\index.js:23:7\n    at _combinedTickCallback (internal/process/next_tick.js:131:7)\n    at process._tickCallback (internal/process/next_tick.js:180:9)","name":"CastError","stringValue":"\"1\"","kind":"ObjectId","value":"1","path":"_id","level":"error","timestamp":"2018-08-18T22:00:35.536Z"}
{"level":"info","message":"Listening on port 3000...","timestamp":"2018-08-18T22:01:01.697Z"}
{"level":"info","message":"Connected to mongodb://localhost/vidly_test","timestamp":"2018-08-18T22:01:02.787Z"}
{"level":"info","message":"Listening on port 3000...","timestamp":"2018-08-18T22:06:40.927Z"}
{"level":"info","message":"Connected to mongodb://localhost/vidly_test","timestamp":"2018-08-18T22:06:42.015Z"}
{"level":"info","message":"Listening on port 3000...","timestamp":"2018-08-18T22:07:10.835Z"}
{"level":"info","message":"Connected to mongodb://localhost/vidly_test","timestamp":"2018-08-18T22:07:11.874Z"}
{"level":"info","message":"Listening on port 3000...","timestamp":"2018-08-18T22:07:24.344Z"}
{"level":"info","message":"Connected to mongodb://localhost/vidly_test","timestamp":"2018-08-18T22:07:25.426Z"}
{"level":"info","message":"Listening on port 3000...","timestamp":"2018-08-18T22:08:03.132Z"}
{"level":"info","message":"Connected to mongodb://localhost/vidly_test","timestamp":"2018-08-18T22:08:04.217Z"}
{"level":"info","message":"Listening on port 3000...","timestamp":"2018-08-18T22:10:04.406Z"}
{"level":"info","message":"Connected to mongodb://localhost/vidly_test","timestamp":"2018-08-18T22:10:05.499Z"}
{"level":"info","message":"Listening on port 3000...","timestamp":"2018-08-18T22:11:47.057Z"}
{"level":"info","message":"Connected to mongodb://localhost/vidly_test","timestamp":"2018-08-18T22:11:48.138Z"}
{"level":"info","message":"Listening on port 3000...","timestamp":"2018-08-18T22:12:25.808Z"}
{"level":"info","message":"Connected to mongodb://localhost/vidly_test","timestamp":"2018-08-18T22:12:26.893Z"}
{"message":"Genre validation failed: name: Path `name` (`1234`) is shorter than the minimum allowed length (5).","errors":{"name":{"message":"Path `name` (`1234`) is shorter than the minimum allowed length (5).","name":"ValidatorError","properties":{"message":"Path `{PATH}` (`{VALUE}`) is shorter than the minimum allowed length (5).","type":"minlength","minlength":5,"path":"name","value":"1234"},"kind":"minlength","path":"name","value":"1234","$isValidatorError":true}},"_message":"Genre validation failed","stack":"ValidationError: name: Path `name` (`1234`) is shorter than the minimum allowed length (5).\n    at new ValidationError (D:\\Prashanth\\Coding\\nodejs\\vidly_integration\\node_modules\\mongoose\\lib\\error\\validation.js:27:11)\n    at model.Object.<anonymous>.Document.invalidate (D:\\Prashanth\\Coding\\nodejs\\vidly_integration\\node_modules\\mongoose\\lib\\document.js:1656:32)\n    at D:\\Prashanth\\Coding\\nodejs\\vidly_integration\\node_modules\\mongoose\\lib\\document.js:1528:17\n    at Immediate._onImmediate (D:\\Prashanth\\Coding\\nodejs\\vidly_integration\\node_modules\\mongoose\\lib\\schematype.js:785:9)\n    at runCallback (timers.js:810:20)\n    at tryOnImmediate (timers.js:768:5)\n    at processImmediate [as _immediateCallback] (timers.js:745:5)","name":"ValidationError","level":"error","timestamp":"2018-08-18T22:12:28.051Z"}
{"level":"info","message":"Listening on port 3000...","timestamp":"2018-08-18T22:14:17.980Z"}
{"level":"info","message":"Connected to mongodb://localhost/vidly_test","timestamp":"2018-08-18T22:14:19.064Z"}
{"level":"info","message":"Listening on port 3000...","timestamp":"2018-08-18T22:17:08.052Z"}
{"level":"info","message":"Connected to mongodb://localhost/vidly_test","timestamp":"2018-08-18T22:17:09.137Z"}
{"message":"Genre validation failed: name: Path `name` (`aaaaaaaaaaaaaaaaaaaaaaaaaaaaaaaaaaaaaaaaaaaaaaaaaaa`) is longer than the maximum allowed length (50).","errors":{"name":{"message":"Path `name` (`aaaaaaaaaaaaaaaaaaaaaaaaaaaaaaaaaaaaaaaaaaaaaaaaaaa`) is longer than the maximum allowed length (50).","name":"ValidatorError","properties":{"message":"Path `{PATH}` (`{VALUE}`) is longer than the maximum allowed length (50).","type":"maxlength","maxlength":50,"path":"name","value":"aaaaaaaaaaaaaaaaaaaaaaaaaaaaaaaaaaaaaaaaaaaaaaaaaaa"},"kind":"maxlength","path":"name","value":"aaaaaaaaaaaaaaaaaaaaaaaaaaaaaaaaaaaaaaaaaaaaaaaaaaa","$isValidatorError":true}},"_message":"Genre validation failed","stack":"ValidationError: name: Path `name` (`aaaaaaaaaaaaaaaaaaaaaaaaaaaaaaaaaaaaaaaaaaaaaaaaaaa`) is longer than the maximum allowed length (50).\n    at new ValidationError (D:\\Prashanth\\Coding\\nodejs\\vidly_integration\\node_modules\\mongoose\\lib\\error\\validation.js:27:11)\n    at model.Object.<anonymous>.Document.invalidate (D:\\Prashanth\\Coding\\nodejs\\vidly_integration\\node_modules\\mongoose\\lib\\document.js:1656:32)\n    at D:\\Prashanth\\Coding\\nodejs\\vidly_integration\\node_modules\\mongoose\\lib\\document.js:1528:17\n    at Immediate._onImmediate (D:\\Prashanth\\Coding\\nodejs\\vidly_integration\\node_modules\\mongoose\\lib\\schematype.js:785:9)\n    at runCallback (timers.js:810:20)\n    at tryOnImmediate (timers.js:768:5)\n    at processImmediate [as _immediateCallback] (timers.js:745:5)","name":"ValidationError","level":"error","timestamp":"2018-08-18T22:17:10.306Z"}
{"level":"info","message":"Listening on port 3000...","timestamp":"2018-08-18T22:18:36.808Z"}
{"level":"info","message":"Connected to mongodb://localhost/vidly_test","timestamp":"2018-08-18T22:18:37.902Z"}
{"level":"info","message":"Listening on port 3000...","timestamp":"2018-08-18T22:21:05.235Z"}
{"level":"info","message":"Connected to mongodb://localhost/vidly_test","timestamp":"2018-08-18T22:21:06.319Z"}
{"level":"info","message":"Listening on port 3000...","timestamp":"2018-08-18T22:26:29.994Z"}
{"level":"info","message":"Connected to mongodb://localhost/vidly_test","timestamp":"2018-08-18T22:26:31.086Z"}
{"level":"info","message":"Listening on port 3000...","timestamp":"2018-08-18T23:13:14.127Z"}
{"level":"info","message":"Connected to mongodb://localhost/vidly_test","timestamp":"2018-08-18T23:13:15.210Z"}
{"level":"info","message":"Listening on port 3000...","timestamp":"2018-08-19T01:41:46.958Z"}
{"level":"info","message":"Connected to mongodb://localhost/vidly_test","timestamp":"2018-08-19T01:41:47.981Z"}
{"level":"info","message":"Listening on port 3000...","timestamp":"2018-08-19T01:53:05.139Z"}
{"level":"info","message":"Connected to mongodb://localhost/vidly_test","timestamp":"2018-08-19T01:53:06.221Z"}
{"level":"info","message":"Listening on port 3000...","timestamp":"2018-08-19T01:53:39.972Z"}
{"level":"info","message":"Connected to mongodb://localhost/vidly_test","timestamp":"2018-08-19T01:53:41.058Z"}
{"level":"info","message":"Listening on port 3000...","timestamp":"2018-08-19T01:53:55.552Z"}
{"level":"info","message":"Connected to mongodb://localhost/vidly_test","timestamp":"2018-08-19T01:53:56.631Z"}
{"level":"info","message":"Listening on port 3000...","timestamp":"2018-08-19T01:54:58.329Z"}
{"level":"info","message":"Connected to mongodb://localhost/vidly_test","timestamp":"2018-08-19T01:54:59.406Z"}
{"level":"info","message":"Listening on port 3000...","timestamp":"2018-08-19T01:55:34.195Z"}
{"level":"info","message":"Connected to mongodb://localhost/vidly_test","timestamp":"2018-08-19T01:55:35.274Z"}
{"level":"info","message":"Listening on port 3000...","timestamp":"2018-08-19T01:56:18.845Z"}
{"level":"info","message":"Connected to mongodb://localhost/vidly_test","timestamp":"2018-08-19T01:56:19.916Z"}
{"level":"info","message":"Listening on port 3000...","timestamp":"2018-08-19T02:01:52.384Z"}
{"level":"info","message":"Connected to mongodb://localhost/vidly_test","timestamp":"2018-08-19T02:01:53.471Z"}
{"level":"info","message":"Listening on port 3000...","timestamp":"2018-08-19T02:02:13.012Z"}
{"level":"info","message":"Connected to mongodb://localhost/vidly_test","timestamp":"2018-08-19T02:02:14.092Z"}
{"level":"info","message":"Listening on port 3000...","timestamp":"2018-08-19T22:25:54.585Z"}
{"level":"info","message":"Connected to mongodb://localhost/vidly_test","timestamp":"2018-08-19T22:25:55.625Z"}
{"level":"info","message":"Listening on port 3000...","timestamp":"2018-08-19T22:55:38.423Z"}
{"level":"info","message":"Connected to mongodb://localhost/vidly_test","timestamp":"2018-08-19T22:55:39.503Z"}
{"level":"info","message":"Listening on port 3000...","timestamp":"2018-08-19T23:03:20.615Z"}
{"level":"info","message":"Connected to mongodb://localhost/vidly_test","timestamp":"2018-08-19T23:03:21.694Z"}
{"level":"info","message":"Listening on port 3000...","timestamp":"2018-08-19T23:03:37.450Z"}
{"level":"info","message":"Connected to mongodb://localhost/vidly_test","timestamp":"2018-08-19T23:03:38.508Z"}
{"level":"info","message":"Listening on port 3000...","timestamp":"2018-08-19T23:06:28.800Z"}
{"level":"info","message":"Connected to mongodb://localhost/vidly_test","timestamp":"2018-08-19T23:06:29.904Z"}
{"level":"info","message":"Listening on port 3000...","timestamp":"2018-08-19T23:17:36.199Z"}
{"level":"info","message":"Connected to mongodb://localhost/vidly_test","timestamp":"2018-08-19T23:17:37.283Z"}
{"level":"info","message":"Listening on port 3000...","timestamp":"2018-08-19T23:18:03.607Z"}
{"level":"info","message":"Listening on port 3000...","timestamp":"2018-08-19T23:18:03.642Z"}
{"level":"info","message":"Connected to mongodb://localhost/vidly_test","timestamp":"2018-08-19T23:18:04.687Z"}
{"level":"info","message":"Connected to mongodb://localhost/vidly_test","timestamp":"2018-08-19T23:18:04.756Z"}
{"level":"info","message":"Listening on port 3000...","timestamp":"2018-08-19T23:18:58.483Z"}
{"level":"info","message":"Connected to mongodb://localhost/vidly_test","timestamp":"2018-08-19T23:18:59.561Z"}
{"level":"info","message":"Listening on port 3000...","timestamp":"2018-08-19T23:19:02.671Z"}
{"level":"info","message":"Connected to mongodb://localhost/vidly_test","timestamp":"2018-08-19T23:19:03.759Z"}
{"level":"info","message":"Listening on port 3000...","timestamp":"2018-08-19T23:19:52.462Z"}
{"level":"info","message":"Listening on port 3000...","timestamp":"2018-08-19T23:19:52.475Z"}
{"level":"info","message":"Connected to mongodb://localhost/vidly_test","timestamp":"2018-08-19T23:19:53.549Z"}
{"level":"info","message":"Connected to mongodb://localhost/vidly_test","timestamp":"2018-08-19T23:19:53.596Z"}
{"level":"info","message":"Listening on port 3000...","timestamp":"2018-08-19T23:20:12.906Z"}
{"level":"info","message":"Listening on port 3000...","timestamp":"2018-08-19T23:20:12.938Z"}
{"level":"info","message":"Connected to mongodb://localhost/vidly_test","timestamp":"2018-08-19T23:20:13.988Z"}
{"level":"info","message":"Connected to mongodb://localhost/vidly_test","timestamp":"2018-08-19T23:20:14.061Z"}
{"level":"info","message":"Listening on port 3000...","timestamp":"2018-08-19T23:21:04.628Z"}
{"level":"info","message":"Listening on port 3000...","timestamp":"2018-08-19T23:21:04.654Z"}
{"level":"info","message":"Connected to mongodb://localhost/vidly_test","timestamp":"2018-08-19T23:21:05.664Z"}
{"level":"info","message":"Connected to mongodb://localhost/vidly_test","timestamp":"2018-08-19T23:21:05.788Z"}
{"level":"info","message":"Listening on port 3000...","timestamp":"2018-08-19T23:21:46.994Z"}
{"level":"info","message":"Listening on port 3000...","timestamp":"2018-08-19T23:21:47.012Z"}
{"level":"info","message":"Connected to mongodb://localhost/vidly_test","timestamp":"2018-08-19T23:21:48.078Z"}
{"level":"info","message":"Connected to mongodb://localhost/vidly_test","timestamp":"2018-08-19T23:21:48.131Z"}
{"level":"info","message":"Listening on port 3000...","timestamp":"2018-08-19T23:23:23.043Z"}
{"level":"info","message":"Connected to mongodb://localhost/vidly_test","timestamp":"2018-08-19T23:23:24.117Z"}
{"level":"info","message":"Listening on port 3000...","timestamp":"2018-08-19T23:23:44.582Z"}
{"level":"info","message":"Listening on port 3000...","timestamp":"2018-08-19T23:23:44.613Z"}
{"level":"info","message":"Connected to mongodb://localhost/vidly_test","timestamp":"2018-08-19T23:23:45.612Z"}
{"level":"info","message":"Connected to mongodb://localhost/vidly_test","timestamp":"2018-08-19T23:23:45.681Z"}
{"level":"info","message":"Listening on port 3000...","timestamp":"2018-08-19T23:24:27.929Z"}
{"level":"info","message":"Connected to mongodb://localhost/vidly_test","timestamp":"2018-08-19T23:24:28.968Z"}
{"level":"info","message":"Listening on port 3000...","timestamp":"2018-08-19T23:24:46.636Z"}
{"level":"info","message":"Listening on port 3000...","timestamp":"2018-08-19T23:24:46.658Z"}
{"level":"info","message":"Connected to mongodb://localhost/vidly_test","timestamp":"2018-08-19T23:24:47.673Z"}
{"level":"info","message":"Connected to mongodb://localhost/vidly_test","timestamp":"2018-08-19T23:24:47.766Z"}
{"level":"info","message":"Listening on port 3000...","timestamp":"2018-08-19T23:33:36.693Z"}
{"level":"info","message":"Listening on port 3000...","timestamp":"2018-08-19T23:33:36.736Z"}
{"level":"info","message":"Connected to mongodb://localhost/vidly_test","timestamp":"2018-08-19T23:33:37.732Z"}
{"level":"info","message":"Connected to mongodb://localhost/vidly_test","timestamp":"2018-08-19T23:33:37.809Z"}
{"level":"info","message":"Listening on port 3000...","timestamp":"2018-08-19T23:35:05.822Z"}
{"level":"info","message":"Listening on port 3000...","timestamp":"2018-08-19T23:35:05.860Z"}
{"level":"info","message":"Connected to mongodb://localhost/vidly_test","timestamp":"2018-08-19T23:35:06.903Z"}
{"level":"info","message":"Connected to mongodb://localhost/vidly_test","timestamp":"2018-08-19T23:35:06.967Z"}
{"level":"info","message":"Listening on port 3000...","timestamp":"2018-08-19T23:37:49.561Z"}
{"level":"info","message":"Connected to mongodb://localhost/vidly_test","timestamp":"2018-08-19T23:37:50.656Z"}
{"level":"info","message":"Listening on port 3000...","timestamp":"2018-08-19T23:37:53.473Z"}
{"level":"info","message":"Connected to mongodb://localhost/vidly_test","timestamp":"2018-08-19T23:37:54.553Z"}
